2022-01-17T14:00:32,126 - CPUUtilization.Percent:0.0|#Level:Host|#hostname:LAPTOP-0LT5I2J5,timestamp:1642424432
2022-01-17T14:00:32,132 - DiskAvailable.Gigabytes:75.91707611083984|#Level:Host|#hostname:LAPTOP-0LT5I2J5,timestamp:1642424432
2022-01-17T14:00:32,133 - DiskUsage.Gigabytes:370.7694435119629|#Level:Host|#hostname:LAPTOP-0LT5I2J5,timestamp:1642424432
2022-01-17T14:00:32,134 - DiskUtilization.Percent:83.0|#Level:Host|#hostname:LAPTOP-0LT5I2J5,timestamp:1642424432
2022-01-17T14:00:32,135 - MemoryAvailable.Megabytes:499.890625|#Level:Host|#hostname:LAPTOP-0LT5I2J5,timestamp:1642424432
2022-01-17T14:00:32,149 - MemoryUsed.Megabytes:7574.8671875|#Level:Host|#hostname:LAPTOP-0LT5I2J5,timestamp:1642424432
2022-01-17T14:00:32,150 - MemoryUtilization.Percent:93.8|#Level:Host|#hostname:LAPTOP-0LT5I2J5,timestamp:1642424432
2022-01-17T14:35:11,773 - CPUUtilization.Percent:100.0|#Level:Host|#hostname:LAPTOP-0LT5I2J5,timestamp:1642426511
2022-01-17T14:35:11,778 - DiskAvailable.Gigabytes:75.46057510375977|#Level:Host|#hostname:LAPTOP-0LT5I2J5,timestamp:1642426511
2022-01-17T14:35:11,779 - DiskUsage.Gigabytes:371.22594451904297|#Level:Host|#hostname:LAPTOP-0LT5I2J5,timestamp:1642426511
2022-01-17T14:35:11,779 - DiskUtilization.Percent:83.1|#Level:Host|#hostname:LAPTOP-0LT5I2J5,timestamp:1642426511
2022-01-17T14:35:11,780 - MemoryAvailable.Megabytes:863.21484375|#Level:Host|#hostname:LAPTOP-0LT5I2J5,timestamp:1642426511
2022-01-17T14:35:11,781 - MemoryUsed.Megabytes:7211.54296875|#Level:Host|#hostname:LAPTOP-0LT5I2J5,timestamp:1642426511
2022-01-17T14:35:11,781 - MemoryUtilization.Percent:89.3|#Level:Host|#hostname:LAPTOP-0LT5I2J5,timestamp:1642426511
2022-01-17T14:42:09,577 - CPUUtilization.Percent:0.0|#Level:Host|#hostname:LAPTOP-0LT5I2J5,timestamp:1642426929
2022-01-17T14:42:09,584 - DiskAvailable.Gigabytes:75.43651962280273|#Level:Host|#hostname:LAPTOP-0LT5I2J5,timestamp:1642426929
2022-01-17T14:42:09,585 - DiskUsage.Gigabytes:371.25|#Level:Host|#hostname:LAPTOP-0LT5I2J5,timestamp:1642426929
2022-01-17T14:42:09,586 - DiskUtilization.Percent:83.1|#Level:Host|#hostname:LAPTOP-0LT5I2J5,timestamp:1642426929
2022-01-17T14:42:09,586 - MemoryAvailable.Megabytes:789.515625|#Level:Host|#hostname:LAPTOP-0LT5I2J5,timestamp:1642426929
2022-01-17T14:42:09,587 - MemoryUsed.Megabytes:7285.2421875|#Level:Host|#hostname:LAPTOP-0LT5I2J5,timestamp:1642426929
2022-01-17T14:42:09,588 - MemoryUtilization.Percent:90.2|#Level:Host|#hostname:LAPTOP-0LT5I2J5,timestamp:1642426929
2022-01-17T14:50:11,561 - CPUUtilization.Percent:100.0|#Level:Host|#hostname:LAPTOP-0LT5I2J5,timestamp:1642427411
2022-01-17T14:50:11,586 - DiskAvailable.Gigabytes:75.1822395324707|#Level:Host|#hostname:LAPTOP-0LT5I2J5,timestamp:1642427411
2022-01-17T14:50:11,587 - DiskUsage.Gigabytes:371.50428009033203|#Level:Host|#hostname:LAPTOP-0LT5I2J5,timestamp:1642427411
2022-01-17T14:50:11,588 - DiskUtilization.Percent:83.2|#Level:Host|#hostname:LAPTOP-0LT5I2J5,timestamp:1642427411
2022-01-17T14:50:11,588 - MemoryAvailable.Megabytes:1005.33203125|#Level:Host|#hostname:LAPTOP-0LT5I2J5,timestamp:1642427411
2022-01-17T14:50:11,589 - MemoryUsed.Megabytes:7069.42578125|#Level:Host|#hostname:LAPTOP-0LT5I2J5,timestamp:1642427411
2022-01-17T14:50:11,590 - MemoryUtilization.Percent:87.5|#Level:Host|#hostname:LAPTOP-0LT5I2J5,timestamp:1642427411
2022-01-17T14:51:11,334 - CPUUtilization.Percent:0.0|#Level:Host|#hostname:LAPTOP-0LT5I2J5,timestamp:1642427471
2022-01-17T14:51:11,335 - DiskAvailable.Gigabytes:75.18249130249023|#Level:Host|#hostname:LAPTOP-0LT5I2J5,timestamp:1642427471
2022-01-17T14:51:11,336 - DiskUsage.Gigabytes:371.5040283203125|#Level:Host|#hostname:LAPTOP-0LT5I2J5,timestamp:1642427471
2022-01-17T14:51:11,336 - DiskUtilization.Percent:83.2|#Level:Host|#hostname:LAPTOP-0LT5I2J5,timestamp:1642427471
2022-01-17T14:51:11,337 - MemoryAvailable.Megabytes:655.69140625|#Level:Host|#hostname:LAPTOP-0LT5I2J5,timestamp:1642427471
2022-01-17T14:51:11,337 - MemoryUsed.Megabytes:7419.06640625|#Level:Host|#hostname:LAPTOP-0LT5I2J5,timestamp:1642427471
2022-01-17T14:51:11,337 - MemoryUtilization.Percent:91.9|#Level:Host|#hostname:LAPTOP-0LT5I2J5,timestamp:1642427471
2022-01-17T14:54:12,707 - CPUUtilization.Percent:100.0|#Level:Host|#hostname:LAPTOP-0LT5I2J5,timestamp:1642427652
2022-01-17T14:54:12,716 - DiskAvailable.Gigabytes:75.16919326782227|#Level:Host|#hostname:LAPTOP-0LT5I2J5,timestamp:1642427652
2022-01-17T14:54:12,717 - DiskUsage.Gigabytes:371.51732635498047|#Level:Host|#hostname:LAPTOP-0LT5I2J5,timestamp:1642427652
2022-01-17T14:54:12,718 - DiskUtilization.Percent:83.2|#Level:Host|#hostname:LAPTOP-0LT5I2J5,timestamp:1642427652
2022-01-17T14:54:12,719 - MemoryAvailable.Megabytes:1017.65234375|#Level:Host|#hostname:LAPTOP-0LT5I2J5,timestamp:1642427652
2022-01-17T14:54:12,719 - MemoryUsed.Megabytes:7057.109375|#Level:Host|#hostname:LAPTOP-0LT5I2J5,timestamp:1642427652
2022-01-17T14:54:12,720 - MemoryUtilization.Percent:87.4|#Level:Host|#hostname:LAPTOP-0LT5I2J5,timestamp:1642427652
2022-01-17T14:54:17,399 - W-9003-my_fancy_model_1.0.ms:6742|#Level:Host|#hostname:LAPTOP-0LT5I2J5,timestamp:1642427657
2022-01-17T14:54:17,400 - WorkerThreadTime.ms:29|#Level:Host|#hostname:LAPTOP-0LT5I2J5,timestamp:null
2022-01-17T14:54:17,551 - W-9000-my_fancy_model_1.0.ms:6896|#Level:Host|#hostname:LAPTOP-0LT5I2J5,timestamp:1642427657
2022-01-17T14:54:17,552 - WorkerThreadTime.ms:45|#Level:Host|#hostname:LAPTOP-0LT5I2J5,timestamp:null
2022-01-17T14:54:17,610 - W-9002-my_fancy_model_1.0.ms:6953|#Level:Host|#hostname:LAPTOP-0LT5I2J5,timestamp:1642427657
2022-01-17T14:54:17,611 - WorkerThreadTime.ms:23|#Level:Host|#hostname:LAPTOP-0LT5I2J5,timestamp:null
2022-01-17T14:54:17,803 - W-9001-my_fancy_model_1.0.ms:7146|#Level:Host|#hostname:LAPTOP-0LT5I2J5,timestamp:1642427657
2022-01-17T14:54:17,804 - WorkerThreadTime.ms:41|#Level:Host|#hostname:LAPTOP-0LT5I2J5,timestamp:null
2022-01-17T14:54:58,265 - Requests2XX.Count:1|#Level:Host|#hostname:LAPTOP-0LT5I2J5,timestamp:null
2022-01-17T14:54:58,268 - QueueTime.ms:0|#Level:Host|#hostname:LAPTOP-0LT5I2J5,timestamp:null
2022-01-17T14:54:58,272 - WorkerThreadTime.ms:12|#Level:Host|#hostname:LAPTOP-0LT5I2J5,timestamp:null
2022-01-17T14:55:12,185 - CPUUtilization.Percent:0.0|#Level:Host|#hostname:LAPTOP-0LT5I2J5,timestamp:1642427712
2022-01-17T14:55:12,186 - DiskAvailable.Gigabytes:75.16876602172852|#Level:Host|#hostname:LAPTOP-0LT5I2J5,timestamp:1642427712
2022-01-17T14:55:12,187 - DiskUsage.Gigabytes:371.5177536010742|#Level:Host|#hostname:LAPTOP-0LT5I2J5,timestamp:1642427712
2022-01-17T14:55:12,188 - DiskUtilization.Percent:83.2|#Level:Host|#hostname:LAPTOP-0LT5I2J5,timestamp:1642427712
2022-01-17T14:55:12,189 - MemoryAvailable.Megabytes:496.625|#Level:Host|#hostname:LAPTOP-0LT5I2J5,timestamp:1642427712
2022-01-17T14:55:12,189 - MemoryUsed.Megabytes:7578.1328125|#Level:Host|#hostname:LAPTOP-0LT5I2J5,timestamp:1642427712
2022-01-17T14:55:12,190 - MemoryUtilization.Percent:93.8|#Level:Host|#hostname:LAPTOP-0LT5I2J5,timestamp:1642427712
2022-01-17T14:56:12,184 - CPUUtilization.Percent:0.0|#Level:Host|#hostname:LAPTOP-0LT5I2J5,timestamp:1642427772
2022-01-17T14:56:12,185 - DiskAvailable.Gigabytes:75.16623306274414|#Level:Host|#hostname:LAPTOP-0LT5I2J5,timestamp:1642427772
2022-01-17T14:56:12,186 - DiskUsage.Gigabytes:371.5202865600586|#Level:Host|#hostname:LAPTOP-0LT5I2J5,timestamp:1642427772
2022-01-17T14:56:12,188 - DiskUtilization.Percent:83.2|#Level:Host|#hostname:LAPTOP-0LT5I2J5,timestamp:1642427772
2022-01-17T14:56:12,188 - MemoryAvailable.Megabytes:548.07421875|#Level:Host|#hostname:LAPTOP-0LT5I2J5,timestamp:1642427772
2022-01-17T14:56:12,188 - MemoryUsed.Megabytes:7526.68359375|#Level:Host|#hostname:LAPTOP-0LT5I2J5,timestamp:1642427772
2022-01-17T14:56:12,188 - MemoryUtilization.Percent:93.2|#Level:Host|#hostname:LAPTOP-0LT5I2J5,timestamp:1642427772
2022-01-17T14:57:12,204 - CPUUtilization.Percent:0.0|#Level:Host|#hostname:LAPTOP-0LT5I2J5,timestamp:1642427832
2022-01-17T14:57:12,205 - DiskAvailable.Gigabytes:75.17184448242188|#Level:Host|#hostname:LAPTOP-0LT5I2J5,timestamp:1642427832
2022-01-17T14:57:12,206 - DiskUsage.Gigabytes:371.51467514038086|#Level:Host|#hostname:LAPTOP-0LT5I2J5,timestamp:1642427832
2022-01-17T14:57:12,206 - DiskUtilization.Percent:83.2|#Level:Host|#hostname:LAPTOP-0LT5I2J5,timestamp:1642427832
2022-01-17T14:57:12,207 - MemoryAvailable.Megabytes:557.890625|#Level:Host|#hostname:LAPTOP-0LT5I2J5,timestamp:1642427832
2022-01-17T14:57:12,208 - MemoryUsed.Megabytes:7516.8671875|#Level:Host|#hostname:LAPTOP-0LT5I2J5,timestamp:1642427832
2022-01-17T14:57:12,209 - MemoryUtilization.Percent:93.1|#Level:Host|#hostname:LAPTOP-0LT5I2J5,timestamp:1642427832
